<?xml version="1.0" encoding="UTF-8"?>
<testng-results skipped="0" failed="0" total="2" passed="2">
  <reporter-output>
  </reporter-output>
  <suite name="Cox_Auto_Assignment" duration-ms="39924" started-at="2018-05-07T04:03:02Z" finished-at="2018-05-07T04:03:41Z">
    <groups>
    </groups>
    <test name="Test_Cases_in_Firefox" duration-ms="39924" started-at="2018-05-07T04:03:02Z" finished-at="2018-05-07T04:03:41Z">
      <class name="TestCases.TestCases">
        <test-method status="PASS" signature="setUp(java.lang.String)[pri:0, instance:TestCases.TestCases@58651fd0]" name="setUp" is-config="true" duration-ms="20800" started-at="2018-05-07T00:03:02Z" finished-at="2018-05-07T00:03:22Z">
          <params>
            <param index="0">
              <value>
                <![CDATA[chrome]]>
              </value>
            </param>
          </params>
          <reporter-output>
          </reporter-output>
        </test-method> <!-- setUp -->
        <test-method status="PASS" signature="TestCase1()[pri:0, instance:TestCases.TestCases@58651fd0]" name="TestCase1" duration-ms="11960" started-at="2018-05-07T00:03:22Z" description="This Test Case will verify the User offer has correct Down Payment value and the User form is sent to Dealer" finished-at="2018-05-07T00:03:34Z">
          <reporter-output>
          </reporter-output>
        </test-method> <!-- TestCase1 -->
        <test-method status="PASS" signature="TestCase2()[pri:0, instance:TestCases.TestCases@58651fd0]" name="TestCase2" duration-ms="5819" started-at="2018-05-07T00:03:34Z" description="This test case verify if the User offer is successfully sent and &#039;Protect your Vehicle&#039; page is displayed" depends-on-methods="TestCases.TestCases.TestCase1" finished-at="2018-05-07T00:03:40Z">
          <reporter-output>
          </reporter-output>
        </test-method> <!-- TestCase2 -->
        <test-method status="PASS" signature="tearDown()[pri:0, instance:TestCases.TestCases@58651fd0]" name="tearDown" is-config="true" duration-ms="1311" started-at="2018-05-07T00:03:40Z" finished-at="2018-05-07T00:03:41Z">
          <reporter-output>
          </reporter-output>
        </test-method> <!-- tearDown -->
      </class> <!-- TestCases.TestCases -->
    </test> <!-- Test_Cases_in_Firefox -->
  </suite> <!-- Cox_Auto_Assignment -->
</testng-results>
